# JRE version: OpenJDK Runtime Environment (17.0.9) (build 17.0.9+0--11185874)
# Java VM: OpenJDK 64-Bit Server VM (17.0.9+0--11185874, mixed mode, tiered, compressed oops, compressed class ptrs, g1 gc, windows-amd64)
GC Precious Log:
 CPUs: 4 total, 4 available
 Memory: 8140M
 Large Page Support: Disabled
 NUMA Support: Disabled
 Compressed Oops: Enabled (Zero based)
 Heap Region Size: 2M
 Heap Min Capacity: 8M
 Heap Initial Capacity: 128M
 Heap Max Capacity: 4G
 Pre-touch: Disabled
 Parallel Workers: 4
 Concurrent Workers: 1
 Concurrent Refinement Workers: 4
 Periodic GC: Disabled
Heap:
 garbage-first heap   total 479232K, used 227975K [0x0000000700000000, 0x0000000800000000)
  region size 2048K, 42 young (86016K), 15 survivors (30720K)
 Metaspace       used 119418K, committed 120512K, reserved 1179648K
  class space    used 15764K, committed 16256K, reserved 1048576K
GC Heap History (20 events):
Event: 83.033 GC heap before
{Heap before GC invocations=43 (full 0):
 garbage-first heap   total 219136K, used 165937K [0x0000000700000000, 0x0000000800000000)
  region size 2048K, 39 young (79872K), 5 survivors (10240K)
 Metaspace       used 91635K, committed 92480K, reserved 1179648K
  class space    used 12465K, committed 12800K, reserved 1048576K
}
Event: 83.065 GC heap after
{Heap after GC invocations=44 (full 0):
 garbage-first heap   total 219136K, used 104448K [0x0000000700000000, 0x0000000800000000)
  region size 2048K, 4 young (8192K), 4 survivors (8192K)
 Metaspace       used 91635K, committed 92480K, reserved 1179648K
  class space    used 12465K, committed 12800K, reserved 1048576K
}
Event: 86.142 GC heap before
{Heap before GC invocations=44 (full 0):
 garbage-first heap   total 219136K, used 172032K [0x0000000700000000, 0x0000000800000000)
  region size 2048K, 37 young (75776K), 4 survivors (8192K)
 Metaspace       used 97418K, committed 98240K, reserved 1179648K
  class space    used 13297K, committed 13632K, reserved 1048576K
}
Event: 86.175 GC heap after
{Heap after GC invocations=45 (full 0):
 garbage-first heap   total 219136K, used 114203K [0x0000000700000000, 0x0000000800000000)
  region size 2048K, 5 young (10240K), 5 survivors (10240K)
 Metaspace       used 97418K, committed 98240K, reserved 1179648K
  class space    used 13297K, committed 13632K, reserved 1048576K
}
Event: 91.868 GC heap before
{Heap before GC invocations=45 (full 0):
 garbage-first heap   total 219136K, used 173595K [0x0000000700000000, 0x0000000800000000)
  region size 2048K, 34 young (69632K), 5 survivors (10240K)
 Metaspace       used 99750K, committed 100672K, reserved 1179648K
  class space    used 13621K, committed 14080K, reserved 1048576K
}
Event: 91.926 GC heap after
{Heap after GC invocations=46 (full 0):
 garbage-first heap   total 219136K, used 124682K [0x0000000700000000, 0x0000000800000000)
  region size 2048K, 5 young (10240K), 5 survivors (10240K)
 Metaspace       used 99750K, committed 100672K, reserved 1179648K
  class space    used 13621K, committed 14080K, reserved 1048576K
}
Event: 98.882 GC heap before
{Heap before GC invocations=47 (full 0):
 garbage-first heap   total 219136K, used 171786K [0x0000000700000000, 0x0000000800000000)
  region size 2048K, 29 young (59392K), 5 survivors (10240K)
 Metaspace       used 102199K, committed 103168K, reserved 1179648K
  class space    used 13931K, committed 14400K, reserved 1048576K
}
Event: 98.931 GC heap after
{Heap after GC invocations=48 (full 0):
 garbage-first heap   total 219136K, used 129273K [0x0000000700000000, 0x0000000800000000)
  region size 2048K, 3 young (6144K), 3 survivors (6144K)
 Metaspace       used 102199K, committed 103168K, reserved 1179648K
  class space    used 13931K, committed 14400K, reserved 1048576K
}
Event: 101.698 GC heap before
{Heap before GC invocations=48 (full 0):
 garbage-first heap   total 219136K, used 133369K [0x0000000700000000, 0x0000000800000000)
  region size 2048K, 5 young (10240K), 3 survivors (6144K)
 Metaspace       used 102647K, committed 103616K, reserved 1179648K
  class space    used 14022K, committed 14464K, reserved 1048576K
}
Event: 101.709 GC heap after
{Heap after GC invocations=49 (full 0):
 garbage-first heap   total 219136K, used 130141K [0x0000000700000000, 0x0000000800000000)
  region size 2048K, 1 young (2048K), 1 survivors (2048K)
 Metaspace       used 102647K, committed 103616K, reserved 1179648K
  class space    used 14022K, committed 14464K, reserved 1048576K
}
Event: 113.742 GC heap before
{Heap before GC invocations=49 (full 0):
 garbage-first heap   total 219136K, used 175197K [0x0000000700000000, 0x0000000800000000)
  region size 2048K, 24 young (49152K), 1 survivors (2048K)
 Metaspace       used 105265K, committed 106176K, reserved 1179648K
  class space    used 14301K, committed 14720K, reserved 1048576K
}
Event: 113.762 GC heap after
{Heap after GC invocations=50 (full 0):
 garbage-first heap   total 219136K, used 133199K [0x0000000700000000, 0x0000000800000000)
  region size 2048K, 3 young (6144K), 3 survivors (6144K)
 Metaspace       used 105265K, committed 106176K, reserved 1179648K
  class space    used 14301K, committed 14720K, reserved 1048576K
}
Event: 118.339 GC heap before
{Heap before GC invocations=51 (full 0):
 garbage-first heap   total 239616K, used 176207K [0x0000000700000000, 0x0000000800000000)
  region size 2048K, 25 young (51200K), 3 survivors (6144K)
 Metaspace       used 107748K, committed 108736K, reserved 1179648K
  class space    used 14642K, committed 15104K, reserved 1048576K
}
Event: 118.354 GC heap after
{Heap after GC invocations=52 (full 0):
 garbage-first heap   total 239616K, used 135504K [0x0000000700000000, 0x0000000800000000)
  region size 2048K, 4 young (8192K), 4 survivors (8192K)
 Metaspace       used 107748K, committed 108736K, reserved 1179648K
  class space    used 14642K, committed 15104K, reserved 1048576K
}
Event: 118.448 GC heap before
{Heap before GC invocations=52 (full 0):
 garbage-first heap   total 239616K, used 137552K [0x0000000700000000, 0x0000000800000000)
  region size 2048K, 5 young (10240K), 4 survivors (8192K)
 Metaspace       used 108119K, committed 109120K, reserved 1179648K
  class space    used 14692K, committed 15168K, reserved 1048576K
}
Event: 118.462 GC heap after
{Heap after GC invocations=53 (full 0):
 garbage-first heap   total 239616K, used 134954K [0x0000000700000000, 0x0000000800000000)
  region size 2048K, 1 young (2048K), 1 survivors (2048K)
 Metaspace       used 108119K, committed 109120K, reserved 1179648K
  class space    used 14692K, committed 15168K, reserved 1048576K
}
Event: 128.778 GC heap before
{Heap before GC invocations=53 (full 0):
 garbage-first heap   total 239616K, used 194346K [0x0000000700000000, 0x0000000800000000)
  region size 2048K, 31 young (63488K), 1 survivors (2048K)
 Metaspace       used 110137K, committed 111168K, reserved 1179648K
  class space    used 14874K, committed 15360K, reserved 1048576K
}
Event: 128.797 GC heap after
{Heap after GC invocations=54 (full 0):
 garbage-first heap   total 479232K, used 144123K [0x0000000700000000, 0x0000000800000000)
  region size 2048K, 4 young (8192K), 4 survivors (8192K)
 Metaspace       used 110137K, committed 111168K, reserved 1179648K
  class space    used 14874K, committed 15360K, reserved 1048576K
}
Event: 146.749 GC heap before
{Heap before GC invocations=54 (full 0):
 garbage-first heap   total 479232K, used 391931K [0x0000000700000000, 0x0000000800000000)
  region size 2048K, 115 young (235520K), 4 survivors (8192K)
 Metaspace       used 117952K, committed 118976K, reserved 1179648K
  class space    used 15603K, committed 16064K, reserved 1048576K
}
Event: 146.886 GC heap after
{Heap after GC invocations=55 (full 0):
 garbage-first heap   total 479232K, used 176775K [0x0000000700000000, 0x0000000800000000)
  region size 2048K, 15 young (30720K), 15 survivors (30720K)
 Metaspace       used 117952K, committed 118976K, reserved 1179648K
  class space    used 15603K, committed 16064K, reserved 1048576K
}

