# JRE version: OpenJDK Runtime Environment (17.0.9) (build 17.0.9+0--11185874)
# Java VM: OpenJDK 64-Bit Server VM (17.0.9+0--11185874, mixed mode, tiered, compressed oops, compressed class ptrs, g1 gc, windows-amd64)
GC Precious Log:
 CPUs: 4 total, 4 available
 Memory: 8140M
 Large Page Support: Disabled
 NUMA Support: Disabled
 Compressed Oops: Enabled (Zero based)
 Heap Region Size: 2M
 Heap Min Capacity: 8M
 Heap Initial Capacity: 128M
 Heap Max Capacity: 4G
 Pre-touch: Disabled
 Parallel Workers: 4
 Concurrent Workers: 1
 Concurrent Refinement Workers: 4
 Periodic GC: Disabled
Heap:
 garbage-first heap   total 497664K, used 388537K [0x0000000700000000, 0x0000000800000000)
  region size 2048K, 2 young (4096K), 2 survivors (4096K)
 Metaspace       used 147971K, committed 149440K, reserved 1179648K
  class space    used 19515K, committed 20224K, reserved 1048576K
GC Heap History (20 events):
Event: 501.324 GC heap after
{Heap after GC invocations=64 (full 0):
 garbage-first heap   total 497664K, used 275200K [0x0000000700000000, 0x0000000800000000)
  region size 2048K, 4 young (8192K), 4 survivors (8192K)
 Metaspace       used 133316K, committed 134912K, reserved 1179648K
  class space    used 17456K, committed 18240K, reserved 1048576K
}
Event: 507.018 GC heap before
{Heap before GC invocations=64 (full 0):
 garbage-first heap   total 497664K, used 340736K [0x0000000700000000, 0x0000000800000000)
  region size 2048K, 36 young (73728K), 4 survivors (8192K)
 Metaspace       used 134412K, committed 135936K, reserved 1179648K
  class space    used 17546K, committed 18304K, reserved 1048576K
}
Event: 507.046 GC heap after
{Heap after GC invocations=65 (full 0):
 garbage-first heap   total 497664K, used 273501K [0x0000000700000000, 0x0000000800000000)
  region size 2048K, 3 young (6144K), 3 survivors (6144K)
 Metaspace       used 134412K, committed 135936K, reserved 1179648K
  class space    used 17546K, committed 18304K, reserved 1048576K
}
Event: 534.384 GC heap before
{Heap before GC invocations=65 (full 0):
 garbage-first heap   total 497664K, used 398429K [0x0000000700000000, 0x0000000800000000)
  region size 2048K, 63 young (129024K), 3 survivors (6144K)
 Metaspace       used 140624K, committed 142144K, reserved 1179648K
  class space    used 18331K, committed 19072K, reserved 1048576K
}
Event: 534.665 GC heap after
{Heap after GC invocations=66 (full 0):
 garbage-first heap   total 497664K, used 277166K [0x0000000700000000, 0x0000000800000000)
  region size 2048K, 5 young (10240K), 5 survivors (10240K)
 Metaspace       used 140624K, committed 142144K, reserved 1179648K
  class space    used 18331K, committed 19072K, reserved 1048576K
}
Event: 541.924 GC heap before
{Heap before GC invocations=66 (full 0):
 garbage-first heap   total 497664K, used 338606K [0x0000000700000000, 0x0000000800000000)
  region size 2048K, 36 young (73728K), 5 survivors (10240K)
 Metaspace       used 141134K, committed 142656K, reserved 1179648K
  class space    used 18387K, committed 19136K, reserved 1048576K
}
Event: 542.062 GC heap after
{Heap after GC invocations=67 (full 0):
 garbage-first heap   total 497664K, used 281582K [0x0000000700000000, 0x0000000800000000)
  region size 2048K, 3 young (6144K), 3 survivors (6144K)
 Metaspace       used 141134K, committed 142656K, reserved 1179648K
  class space    used 18387K, committed 19136K, reserved 1048576K
}
Event: 548.311 GC heap before
{Heap before GC invocations=67 (full 0):
 garbage-first heap   total 497664K, used 375790K [0x0000000700000000, 0x0000000800000000)
  region size 2048K, 50 young (102400K), 3 survivors (6144K)
 Metaspace       used 142135K, committed 143680K, reserved 1179648K
  class space    used 18513K, committed 19264K, reserved 1048576K
}
Event: 548.386 GC heap after
{Heap after GC invocations=68 (full 0):
 garbage-first heap   total 497664K, used 288700K [0x0000000700000000, 0x0000000800000000)
  region size 2048K, 6 young (12288K), 6 survivors (12288K)
 Metaspace       used 142135K, committed 143680K, reserved 1179648K
  class space    used 18513K, committed 19264K, reserved 1048576K
}
Event: 559.903 GC heap before
{Heap before GC invocations=68 (full 0):
 garbage-first heap   total 497664K, used 372668K [0x0000000700000000, 0x0000000800000000)
  region size 2048K, 43 young (88064K), 6 survivors (12288K)
 Metaspace       used 142899K, committed 144384K, reserved 1179648K
  class space    used 18608K, committed 19328K, reserved 1048576K
}
Event: 560.137 GC heap after
{Heap after GC invocations=69 (full 0):
 garbage-first heap   total 497664K, used 313720K [0x0000000700000000, 0x0000000800000000)
  region size 2048K, 6 young (12288K), 6 survivors (12288K)
 Metaspace       used 142899K, committed 144384K, reserved 1179648K
  class space    used 18608K, committed 19328K, reserved 1048576K
}
Event: 563.298 GC heap before
{Heap before GC invocations=69 (full 0):
 garbage-first heap   total 497664K, used 373112K [0x0000000700000000, 0x0000000800000000)
  region size 2048K, 31 young (63488K), 6 survivors (12288K)
 Metaspace       used 146005K, committed 147456K, reserved 1179648K
  class space    used 19051K, committed 19776K, reserved 1048576K
}
Event: 563.485 GC heap after
{Heap after GC invocations=70 (full 0):
 garbage-first heap   total 497664K, used 335654K [0x0000000700000000, 0x0000000800000000)
  region size 2048K, 4 young (8192K), 4 survivors (8192K)
 Metaspace       used 146005K, committed 147456K, reserved 1179648K
  class space    used 19051K, committed 19776K, reserved 1048576K
}
Event: 567.741 GC heap before
{Heap before GC invocations=70 (full 0):
 garbage-first heap   total 497664K, used 409382K [0x0000000700000000, 0x0000000800000000)
  region size 2048K, 32 young (65536K), 4 survivors (8192K)
 Metaspace       used 146341K, committed 147840K, reserved 1179648K
  class space    used 19099K, committed 19840K, reserved 1048576K
}
Event: 567.942 GC heap after
{Heap after GC invocations=71 (full 0):
 garbage-first heap   total 497664K, used 364262K [0x0000000700000000, 0x0000000800000000)
  region size 2048K, 4 young (8192K), 4 survivors (8192K)
 Metaspace       used 146341K, committed 147840K, reserved 1179648K
  class space    used 19099K, committed 19840K, reserved 1048576K
}
Event: 568.335 GC heap before
{Heap before GC invocations=71 (full 0):
 garbage-first heap   total 497664K, used 380646K [0x0000000700000000, 0x0000000800000000)
  region size 2048K, 12 young (24576K), 4 survivors (8192K)
 Metaspace       used 146344K, committed 147840K, reserved 1179648K
  class space    used 19099K, committed 19840K, reserved 1048576K
}
Event: 568.441 GC heap after
{Heap after GC invocations=72 (full 0):
 garbage-first heap   total 497664K, used 372642K [0x0000000700000000, 0x0000000800000000)
  region size 2048K, 2 young (4096K), 2 survivors (4096K)
 Metaspace       used 146344K, committed 147840K, reserved 1179648K
  class space    used 19099K, committed 19840K, reserved 1048576K
}
Event: 568.671 GC heap before
{Heap before GC invocations=72 (full 0):
 garbage-first heap   total 497664K, used 376738K [0x0000000700000000, 0x0000000800000000)
  region size 2048K, 5 young (10240K), 2 survivors (4096K)
 Metaspace       used 146344K, committed 147840K, reserved 1179648K
  class space    used 19099K, committed 19840K, reserved 1048576K
}
Event: 568.807 GC heap after
{Heap after GC invocations=73 (full 0):
 garbage-first heap   total 497664K, used 377594K [0x0000000700000000, 0x0000000800000000)
  region size 2048K, 2 young (4096K), 2 survivors (4096K)
 Metaspace       used 146344K, committed 147840K, reserved 1179648K
  class space    used 19099K, committed 19840K, reserved 1048576K
}
Event: 575.004 GC heap before
{Heap before GC invocations=73 (full 0):
 garbage-first heap   total 497664K, used 400122K [0x0000000700000000, 0x0000000800000000)
  region size 2048K, 12 young (24576K), 2 survivors (4096K)
 Metaspace       used 147971K, committed 149440K, reserved 1179648K
  class space    used 19515K, committed 20224K, reserved 1048576K
}

