# JRE version: OpenJDK Runtime Environment (17.0.9) (build 17.0.9+0--11185874)
# Java VM: OpenJDK 64-Bit Server VM (17.0.9+0--11185874, mixed mode, tiered, compressed oops, compressed class ptrs, g1 gc, windows-amd64)
GC Precious Log:
 CPUs: 4 total, 4 available
 Memory: 8140M
 Large Page Support: Disabled
 NUMA Support: Disabled
 Compressed Oops: Enabled (Zero based)
 Heap Region Size: 2M
 Heap Min Capacity: 8M
 Heap Initial Capacity: 128M
 Heap Max Capacity: 4G
 Pre-touch: Disabled
 Parallel Workers: 4
 Concurrent Workers: 1
 Concurrent Refinement Workers: 4
 Periodic GC: Disabled
Heap:
 garbage-first heap   total 983040K, used 362198K [0x0000000700000000, 0x0000000800000000)
  region size 2048K, 3 young (6144K), 3 survivors (6144K)
 Metaspace       used 136765K, committed 137984K, reserved 1179648K
  class space    used 18200K, committed 18752K, reserved 1048576K
GC Heap History (20 events):
Event: 283.241 GC heap after
{Heap after GC invocations=63 (full 0):
 garbage-first heap   total 374784K, used 258735K [0x0000000700000000, 0x0000000800000000)
  region size 2048K, 2 young (4096K), 2 survivors (4096K)
 Metaspace       used 129665K, committed 130816K, reserved 1179648K
  class space    used 17057K, committed 17600K, reserved 1048576K
}
Event: 284.845 GC heap before
{Heap before GC invocations=63 (full 0):
 garbage-first heap   total 374784K, used 303791K [0x0000000700000000, 0x0000000800000000)
  region size 2048K, 24 young (49152K), 2 survivors (4096K)
 Metaspace       used 129673K, committed 130816K, reserved 1179648K
  class space    used 17058K, committed 17600K, reserved 1048576K
}
Event: 284.956 GC heap after
{Heap after GC invocations=64 (full 0):
 garbage-first heap   total 374784K, used 275226K [0x0000000700000000, 0x0000000800000000)
  region size 2048K, 3 young (6144K), 3 survivors (6144K)
 Metaspace       used 129673K, committed 130816K, reserved 1179648K
  class space    used 17058K, committed 17600K, reserved 1048576K
}
Event: 286.558 GC heap before
{Heap before GC invocations=64 (full 0):
 garbage-first heap   total 491520K, used 293658K [0x0000000700000000, 0x0000000800000000)
  region size 2048K, 19 young (38912K), 3 survivors (6144K)
 Metaspace       used 132040K, committed 133184K, reserved 1179648K
  class space    used 17565K, committed 18112K, reserved 1048576K
}
Event: 286.760 GC heap after
{Heap after GC invocations=65 (full 0):
 garbage-first heap   total 491520K, used 273367K [0x0000000700000000, 0x0000000800000000)
  region size 2048K, 3 young (6144K), 3 survivors (6144K)
 Metaspace       used 132040K, committed 133184K, reserved 1179648K
  class space    used 17565K, committed 18112K, reserved 1048576K
}
Event: 287.552 GC heap before
{Heap before GC invocations=66 (full 0):
 garbage-first heap   total 491520K, used 289751K [0x0000000700000000, 0x0000000800000000)
  region size 2048K, 12 young (24576K), 3 survivors (6144K)
 Metaspace       used 132180K, committed 133312K, reserved 1179648K
  class space    used 17565K, committed 18112K, reserved 1048576K
}
Event: 287.635 GC heap after
{Heap after GC invocations=67 (full 0):
 garbage-first heap   total 491520K, used 283711K [0x0000000700000000, 0x0000000800000000)
  region size 2048K, 2 young (4096K), 2 survivors (4096K)
 Metaspace       used 132180K, committed 133312K, reserved 1179648K
  class space    used 17565K, committed 18112K, reserved 1048576K
}
Event: 288.144 GC heap before
{Heap before GC invocations=67 (full 0):
 garbage-first heap   total 491520K, used 304191K [0x0000000700000000, 0x0000000800000000)
  region size 2048K, 12 young (24576K), 2 survivors (4096K)
 Metaspace       used 132216K, committed 133376K, reserved 1179648K
  class space    used 17567K, committed 18112K, reserved 1048576K
}
Event: 288.237 GC heap after
{Heap after GC invocations=68 (full 0):
 garbage-first heap   total 491520K, used 282624K [0x0000000700000000, 0x0000000800000000)
  region size 2048K, 2 young (4096K), 2 survivors (4096K)
 Metaspace       used 132216K, committed 133376K, reserved 1179648K
  class space    used 17567K, committed 18112K, reserved 1048576K
}
Event: 288.826 GC heap before
{Heap before GC invocations=68 (full 0):
 garbage-first heap   total 491520K, used 313344K [0x0000000700000000, 0x0000000800000000)
  region size 2048K, 17 young (34816K), 2 survivors (4096K)
 Metaspace       used 132221K, committed 133376K, reserved 1179648K
  class space    used 17567K, committed 18112K, reserved 1048576K
}
Event: 289.289 GC heap after
{Heap after GC invocations=69 (full 0):
 garbage-first heap   total 983040K, used 299008K [0x0000000700000000, 0x0000000800000000)
  region size 2048K, 3 young (6144K), 3 survivors (6144K)
 Metaspace       used 132221K, committed 133376K, reserved 1179648K
  class space    used 17567K, committed 18112K, reserved 1048576K
}
Event: 290.485 GC heap before
{Heap before GC invocations=69 (full 0):
 garbage-first heap   total 983040K, used 342016K [0x0000000700000000, 0x0000000800000000)
  region size 2048K, 24 young (49152K), 3 survivors (6144K)
 Metaspace       used 132227K, committed 133376K, reserved 1179648K
  class space    used 17567K, committed 18112K, reserved 1048576K
}
Event: 290.605 GC heap after
{Heap after GC invocations=70 (full 0):
 garbage-first heap   total 983040K, used 317440K [0x0000000700000000, 0x0000000800000000)
  region size 2048K, 3 young (6144K), 3 survivors (6144K)
 Metaspace       used 132227K, committed 133376K, reserved 1179648K
  class space    used 17567K, committed 18112K, reserved 1048576K
}
Event: 291.412 GC heap before
{Heap before GC invocations=70 (full 0):
 garbage-first heap   total 983040K, used 358400K [0x0000000700000000, 0x0000000800000000)
  region size 2048K, 24 young (49152K), 3 survivors (6144K)
 Metaspace       used 132232K, committed 133376K, reserved 1179648K
  class space    used 17567K, committed 18112K, reserved 1048576K
}
Event: 291.513 GC heap after
{Heap after GC invocations=71 (full 0):
 garbage-first heap   total 983040K, used 339968K [0x0000000700000000, 0x0000000800000000)
  region size 2048K, 3 young (6144K), 3 survivors (6144K)
 Metaspace       used 132232K, committed 133376K, reserved 1179648K
  class space    used 17567K, committed 18112K, reserved 1048576K
}
Event: 300.166 GC heap before
{Heap before GC invocations=71 (full 0):
 garbage-first heap   total 983040K, used 380928K [0x0000000700000000, 0x0000000800000000)
  region size 2048K, 24 young (49152K), 3 survivors (6144K)
 Metaspace       used 133185K, committed 134336K, reserved 1179648K
  class space    used 17714K, committed 18240K, reserved 1048576K
}
Event: 300.407 GC heap after
{Heap after GC invocations=72 (full 0):
 garbage-first heap   total 983040K, used 356342K [0x0000000700000000, 0x0000000800000000)
  region size 2048K, 3 young (6144K), 3 survivors (6144K)
 Metaspace       used 133185K, committed 134336K, reserved 1179648K
  class space    used 17714K, committed 18240K, reserved 1048576K
}
Event: 302.381 GC heap before
{Heap before GC invocations=73 (full 0):
 garbage-first heap   total 983040K, used 397302K [0x0000000700000000, 0x0000000800000000)
  region size 2048K, 24 young (49152K), 3 survivors (6144K)
 Metaspace       used 135383K, committed 136512K, reserved 1179648K
  class space    used 18000K, committed 18560K, reserved 1048576K
}
Event: 302.431 GC heap after
{Heap after GC invocations=74 (full 0):
 garbage-first heap   total 983040K, used 360637K [0x0000000700000000, 0x0000000800000000)
  region size 2048K, 2 young (4096K), 2 survivors (4096K)
 Metaspace       used 135383K, committed 136512K, reserved 1179648K
  class space    used 18000K, committed 18560K, reserved 1048576K
}
Event: 303.667 GC heap before
{Heap before GC invocations=74 (full 0):
 garbage-first heap   total 983040K, used 405693K [0x0000000700000000, 0x0000000800000000)
  region size 2048K, 24 young (49152K), 2 survivors (4096K)
 Metaspace       used 136765K, committed 137984K, reserved 1179648K
  class space    used 18200K, committed 18752K, reserved 1048576K
}

