# JRE version: OpenJDK Runtime Environment (17.0.9) (build 17.0.9+0--11185874)
# Java VM: OpenJDK 64-Bit Server VM (17.0.9+0--11185874, mixed mode, tiered, compressed oops, compressed class ptrs, g1 gc, windows-amd64)
GC Precious Log:
 CPUs: 4 total, 4 available
 Memory: 8140M
 Large Page Support: Disabled
 NUMA Support: Disabled
 Compressed Oops: Enabled (Zero based)
 Heap Region Size: 2M
 Heap Min Capacity: 8M
 Heap Initial Capacity: 128M
 Heap Max Capacity: 4G
 Pre-touch: Disabled
 Parallel Workers: 4
 Concurrent Workers: 1
 Concurrent Refinement Workers: 4
 Periodic GC: Disabled
Heap:
 garbage-first heap   total 780288K, used 292718K [0x0000000700000000, 0x0000000800000000)
  region size 2048K, 4 young (8192K), 4 survivors (8192K)
 Metaspace       used 123797K, committed 124800K, reserved 1179648K
  class space    used 16977K, committed 17408K, reserved 1048576K
GC Heap History (20 events):
Event: 95.171 GC heap after
{Heap after GC invocations=48 (full 0):
 garbage-first heap   total 382976K, used 128878K [0x0000000700000000, 0x0000000800000000)
  region size 2048K, 12 young (24576K), 12 survivors (24576K)
 Metaspace       used 103318K, committed 104256K, reserved 1179648K
  class space    used 14083K, committed 14528K, reserved 1048576K
}
Event: 95.376 GC heap before
{Heap before GC invocations=48 (full 0):
 garbage-first heap   total 382976K, used 128878K [0x0000000700000000, 0x0000000800000000)
  region size 2048K, 13 young (26624K), 12 survivors (24576K)
 Metaspace       used 103322K, committed 104320K, reserved 1179648K
  class space    used 14083K, committed 14528K, reserved 1048576K
}
Event: 95.560 GC heap after
{Heap after GC invocations=49 (full 0):
 garbage-first heap   total 382976K, used 131001K [0x0000000700000000, 0x0000000800000000)
  region size 2048K, 2 young (4096K), 2 survivors (4096K)
 Metaspace       used 103322K, committed 104320K, reserved 1179648K
  class space    used 14083K, committed 14528K, reserved 1048576K
}
Event: 100.933 GC heap before
{Heap before GC invocations=49 (full 0):
 garbage-first heap   total 382976K, used 188345K [0x0000000700000000, 0x0000000800000000)
  region size 2048K, 31 young (63488K), 2 survivors (4096K)
 Metaspace       used 103658K, committed 104640K, reserved 1179648K
  class space    used 14107K, committed 14528K, reserved 1048576K
}
Event: 100.967 GC heap after
{Heap after GC invocations=50 (full 0):
 garbage-first heap   total 382976K, used 133331K [0x0000000700000000, 0x0000000800000000)
  region size 2048K, 3 young (6144K), 3 survivors (6144K)
 Metaspace       used 103658K, committed 104640K, reserved 1179648K
  class space    used 14107K, committed 14528K, reserved 1048576K
}
Event: 105.183 GC heap before
{Heap before GC invocations=50 (full 0):
 garbage-first heap   total 382976K, used 209107K [0x0000000700000000, 0x0000000800000000)
  region size 2048K, 41 young (83968K), 3 survivors (6144K)
 Metaspace       used 108023K, committed 109056K, reserved 1179648K
  class space    used 14619K, committed 15104K, reserved 1048576K
}
Event: 105.237 GC heap after
{Heap after GC invocations=51 (full 0):
 garbage-first heap   total 382976K, used 138440K [0x0000000700000000, 0x0000000800000000)
  region size 2048K, 6 young (12288K), 6 survivors (12288K)
 Metaspace       used 108023K, committed 109056K, reserved 1179648K
  class space    used 14619K, committed 15104K, reserved 1048576K
}
Event: 109.492 GC heap before
{Heap before GC invocations=51 (full 0):
 garbage-first heap   total 382976K, used 199880K [0x0000000700000000, 0x0000000800000000)
  region size 2048K, 37 young (75776K), 6 survivors (12288K)
 Metaspace       used 109859K, committed 110912K, reserved 1179648K
  class space    used 14862K, committed 15360K, reserved 1048576K
}
Event: 109.565 GC heap after
{Heap after GC invocations=52 (full 0):
 garbage-first heap   total 382976K, used 144372K [0x0000000700000000, 0x0000000800000000)
  region size 2048K, 3 young (6144K), 3 survivors (6144K)
 Metaspace       used 109859K, committed 110912K, reserved 1179648K
  class space    used 14862K, committed 15360K, reserved 1048576K
}
Event: 120.034 GC heap before
{Heap before GC invocations=52 (full 0):
 garbage-first heap   total 382976K, used 322548K [0x0000000700000000, 0x0000000800000000)
  region size 2048K, 72 young (147456K), 3 survivors (6144K)
 Metaspace       used 117420K, committed 118400K, reserved 1179648K
  class space    used 15930K, committed 16384K, reserved 1048576K
}
Event: 120.305 GC heap after
{Heap after GC invocations=53 (full 0):
 garbage-first heap   total 382976K, used 204633K [0x0000000700000000, 0x0000000800000000)
  region size 2048K, 9 young (18432K), 9 survivors (18432K)
 Metaspace       used 117420K, committed 118400K, reserved 1179648K
  class space    used 15930K, committed 16384K, reserved 1048576K
}
Event: 120.816 GC heap before
{Heap before GC invocations=53 (full 0):
 garbage-first heap   total 382976K, used 225113K [0x0000000700000000, 0x0000000800000000)
  region size 2048K, 20 young (40960K), 9 survivors (18432K)
 Metaspace       used 117654K, committed 118720K, reserved 1179648K
  class space    used 15960K, committed 16448K, reserved 1048576K
}
Event: 120.943 GC heap after
{Heap after GC invocations=54 (full 0):
 garbage-first heap   total 780288K, used 211730K [0x0000000700000000, 0x0000000800000000)
  region size 2048K, 3 young (6144K), 3 survivors (6144K)
 Metaspace       used 117654K, committed 118720K, reserved 1179648K
  class space    used 15960K, committed 16448K, reserved 1048576K
}
Event: 122.488 GC heap before
{Heap before GC invocations=54 (full 0):
 garbage-first heap   total 780288K, used 275218K [0x0000000700000000, 0x0000000800000000)
  region size 2048K, 33 young (67584K), 3 survivors (6144K)
 Metaspace       used 119481K, committed 120448K, reserved 1179648K
  class space    used 16196K, committed 16640K, reserved 1048576K
}
Event: 122.629 GC heap after
{Heap after GC invocations=55 (full 0):
 garbage-first heap   total 780288K, used 237422K [0x0000000700000000, 0x0000000800000000)
  region size 2048K, 5 young (10240K), 5 survivors (10240K)
 Metaspace       used 119481K, committed 120448K, reserved 1179648K
  class space    used 16196K, committed 16640K, reserved 1048576K
}
Event: 124.364 GC heap before
{Heap before GC invocations=55 (full 0):
 garbage-first heap   total 780288K, used 266094K [0x0000000700000000, 0x0000000800000000)
  region size 2048K, 19 young (38912K), 5 survivors (10240K)
 Metaspace       used 121917K, committed 122944K, reserved 1179648K
  class space    used 16714K, committed 17152K, reserved 1048576K
}
Event: 124.471 GC heap after
{Heap after GC invocations=56 (full 0):
 garbage-first heap   total 780288K, used 245112K [0x0000000700000000, 0x0000000800000000)
  region size 2048K, 3 young (6144K), 3 survivors (6144K)
 Metaspace       used 121917K, committed 122944K, reserved 1179648K
  class space    used 16714K, committed 17152K, reserved 1048576K
}
Event: 125.240 GC heap before
{Heap before GC invocations=56 (full 0):
 garbage-first heap   total 780288K, used 292216K [0x0000000700000000, 0x0000000800000000)
  region size 2048K, 26 young (53248K), 3 survivors (6144K)
 Metaspace       used 122846K, committed 123840K, reserved 1179648K
  class space    used 16841K, committed 17280K, reserved 1048576K
}
Event: 125.300 GC heap after
{Heap after GC invocations=57 (full 0):
 garbage-first heap   total 780288K, used 266094K [0x0000000700000000, 0x0000000800000000)
  region size 2048K, 4 young (8192K), 4 survivors (8192K)
 Metaspace       used 122846K, committed 123840K, reserved 1179648K
  class space    used 16841K, committed 17280K, reserved 1048576K
}
Event: 126.036 GC heap before
{Heap before GC invocations=57 (full 0):
 garbage-first heap   total 780288K, used 323438K [0x0000000700000000, 0x0000000800000000)
  region size 2048K, 32 young (65536K), 4 survivors (8192K)
 Metaspace       used 123797K, committed 124800K, reserved 1179648K
  class space    used 16977K, committed 17408K, reserved 1048576K
}

